

Microchip Technology PIC18 LITE Macro Assembler V1.45 build -152302408 
                                                                                               Fri Feb 09 16:44:03 2018

Microchip Technology Omniscient Code Generator v1.45 (Free mode) build 201711160504
     1                           	processor	18F26K22
     2                           	fnconf	rparam,??,?,0
     3                           	opt	pw 120
     4                           	opt	lm
     5                           	psect	cinit,global,reloc=2,class=CODE,delta=1
     6                           	psect	cstackCOMRAM,global,class=COMRAM,space=1,delta=1,noexec
     7                           	psect	text0,global,reloc=2,class=CODE,delta=1
     8                           	psect	text1,global,reloc=2,class=CODE,delta=1
     9                           	psect	intsave_regs,global,class=BIGRAM,space=1,delta=1,noexec
    10                           	psect	rparam,global,class=COMRAM,space=1,delta=1,noexec
    11  0000                     
    12                           ; Version 1.45
    13                           ; Generated 16/11/2017 GMT
    14                           ; 
    15                           ; Copyright © 2017, Microchip Technology Inc. and its subsidiaries ("Microchip")
    16                           ; All rights reserved.
    17                           ; 
    18                           ; This software is developed by Microchip Technology Inc. and its subsidiaries ("Microch
      +                          ip").
    19                           ; 
    20                           ; Redistribution and use in source and binary forms, with or without modification, are
    21                           ; permitted provided that the following conditions are met:
    22                           ; 
    23                           ;     1. Redistributions of source code must retain the above copyright notice, this lis
      +                          t of
    24                           ;        conditions and the following disclaimer.
    25                           ; 
    26                           ;     2. Redistributions in binary form must reproduce the above copyright notice, this 
      +                          list
    27                           ;        of conditions and the following disclaimer in the documentation and/or other
    28                           ;        materials provided with the distribution.
    29                           ; 
    30                           ;     3. Microchip's name may not be used to endorse or promote products derived from th
      +                          is
    31                           ;        software without specific prior written permission.
    32                           ; 
    33                           ; THIS SOFTWARE IS PROVIDED BY MICROCHIP "AS IS" AND ANY EXPRESS OR IMPLIED WARRANTIES,
    34                           ; INCLUDING, BUT NOT LIMITED TO, THE IMPLIED WARRANTIES OF MERCHANTABILITY AND FITNESS F
      +                          OR
    35                           ; PURPOSE ARE DISCLAIMED.  IN NO EVENT SHALL MICROCHIP BE LIABLE FOR ANY DIRECT, INDIREC
      +                          T,
    36                           ; INCIDENTAL, SPECIAL, EXEMPLARY, OR CONSEQUENTIAL DAMAGES (INCLUDING BUT NOT LIMITED TO
    37                           ; PROCUREMENT OF SUBSTITUTE GOODS OR SERVICES; LOSS OF USE, DATA OR PROFITS; OR BUSINESS
    38                           ; INTERRUPTION) HOWSOEVER CAUSED AND ON ANY THEORY OF LIABILITY, WHETHER IN CONTRACT, ST
      +                          RICT
    39                           ; LIABILITY, OR TORT (INCLUDING NEGLIGENCE OR OTHERWISE) ARISING IN ANY WAY OUT OF THE U
      +                          SE OF
    40                           ; THIS SOFTWARE, EVEN IF ADVISED OF THE POSSIBILITY OF SUCH DAMAGE.
    41                           ; 
    42                           ; 
    43                           ; Code-generator required, PIC18F26K22 Definitions
    44                           ; 
    45                           ; SFR Addresses
    46  0000                     _ANSELB	set	3897
    47  0000                     _TXREG2	set	3955
    48  0000                     _OSCTUNEbits	set	3995
    49  0000                     _OSCCON2bits	set	4050
    50  0000                     _OSCCONbits	set	4051
    51  0000                     _PIE3bits	set	4003
    52  0000                     _RCSTA2	set	3953
    53  0000                     _TXSTA2	set	3954
    54  0000                     _SPBRGH2	set	3958
    55  0000                     _SPBRG2	set	3957
    56  0000                     _BAUDCON2	set	3952
    57  0000                     _TXSTA2bits	set	3954
    58  0000                     _RCSTA2bits	set	3953
    59  0000                     _TRISBbits	set	3987
    60  0000                     _EECON2	set	4007
    61  0000                     _INTCONbits	set	4082
    62  0000                     _EEDATA	set	4008
    63  0000                     _EEADR	set	4009
    64  0000                     _EECON1bits	set	4006
    65  0000                     _PORTCbits	set	3970
    66  0000                     _TRISC	set	3988
    67  0000                     _RD	set	32048
    68                           
    69                           ; #config settings
    70  0000                     
    71                           	psect	cinit
    72  00FFC4                     __pcinit:
    73                           	opt stack 0
    74  00FFC4                     start_initialization:
    75                           	opt stack 0
    76  00FFC4                     __initialization:
    77                           	opt stack 0
    78  00FFC4                     end_of_initialization:
    79                           	opt stack 0
    80  00FFC4                     __end_of__initialization:
    81                           	opt stack 0
    82  00FFC4  0100               	movlb	0
    83  00FFC6  EFEB  F07F         	goto	_main	;jump to C main() function
    84                           
    85                           	psect	cstackCOMRAM
    86  000001                     __pcstackCOMRAM:
    87                           	opt stack 0
    88  000001                     SerialWrite@data:
    89                           	opt stack 0
    90                           
    91                           ; 1 bytes @ 0x0
    92  000001                     	ds	1
    93  000002                     ??_main:
    94                           
    95                           ; 1 bytes @ 0x1
    96  000002                     	ds	2
    97                           
    98 ;;
    99 ;;Main: autosize = 0, tempsize = 2, incstack = 0, save=0
   100 ;;
   101 ;; *************** function _main *****************
   102 ;; Defined at:
   103 ;;		line 17 in file "main.c"
   104 ;; Parameters:    Size  Location     Type
   105 ;;		None
   106 ;; Auto vars:     Size  Location     Type
   107 ;;		None
   108 ;; Return value:  Size  Location     Type
   109 ;;                  1    wreg      void 
   110 ;; Registers used:
   111 ;;		wreg, status,2, cstack
   112 ;; Tracked objects:
   113 ;;		On entry : 0/0
   114 ;;		On exit  : 0/0
   115 ;;		Unchanged: 0/0
   116 ;; Data sizes:     COMRAM   BANK0   BANK1   BANK2   BANK3   BANK4   BANK5   BANK6   BANK7   BANK8   BANK9  BANK10  BANK1
      +1  BANK12  BANK13  BANK14  BANK15
   117 ;;      Params:         0       0       0       0       0       0       0       0       0       0       0       0       
      +0       0       0       0       0
   118 ;;      Locals:         0       0       0       0       0       0       0       0       0       0       0       0       
      +0       0       0       0       0
   119 ;;      Temps:          2       0       0       0       0       0       0       0       0       0       0       0       
      +0       0       0       0       0
   120 ;;      Totals:         2       0       0       0       0       0       0       0       0       0       0       0       
      +0       0       0       0       0
   121 ;;Total ram usage:        2 bytes
   122 ;; Hardware stack levels required when called:    1
   123 ;; This function calls:
   124 ;;		_SerialWrite
   125 ;; This function is called by:
   126 ;;		Startup code after reset
   127 ;; This function uses a non-reentrant model
   128 ;;
   129                           
   130                           	psect	text0
   131  00FFD6                     __ptext0:
   132                           	opt stack 0
   133  00FFD6                     _main:
   134                           	opt stack 30
   135                           
   136                           ;main.c: 18: TRISC=0x00;
   137                           
   138                           ;incstack = 0
   139  00FFD6  0E00               	movlw	0
   140  00FFD8  6E94               	movwf	3988,c	;volatile
   141  00FFDA                     
   142                           ;main.c: 22: PORTCbits.RC3=1;
   143  00FFDA  8682               	bsf	3970,3,c	;volatile
   144                           
   145                           ;main.c: 23: PORTCbits.RC2=1;
   146  00FFDC  8482               	bsf	3970,2,c	;volatile
   147                           
   148                           ;main.c: 24: PORTCbits.RC4=1;
   149  00FFDE  8882               	bsf	3970,4,c	;volatile
   150                           
   151                           ;main.c: 26: SerialWrite('u');
   152  00FFE0  0E75               	movlw	117
   153  00FFE2  ECE5  F07F         	call	_SerialWrite
   154                           
   155                           ;main.c: 27: _delay((unsigned long)((100)*(64000000/4000.0)));
   156  00FFE6  0E09               	movlw	9
   157  00FFE8  6E03               	movwf	(??_main+1)& (0+255),c
   158  00FFEA  0E1E               	movlw	30
   159  00FFEC  6E02               	movwf	??_main& (0+255),c
   160  00FFEE  0EE4               	movlw	228
   161  00FFF0                     u67:
   162  00FFF0  2EE8               	decfsz	wreg,f,c
   163  00FFF2  D7FE               	bra	u67
   164  00FFF4  2E02               	decfsz	??_main& (0+255),f,c
   165  00FFF6  D7FC               	bra	u67
   166  00FFF8  2E03               	decfsz	(??_main+1)& (0+255),f,c
   167  00FFFA  D7FA               	bra	u67
   168  00FFFC  D000               	nop2	
   169  00FFFE  D7ED               	goto	l13
   170  010000                     __end_of_main:
   171                           	opt stack 0
   172                           wreg	equ	0xFE8
   173                           
   174 ;; *************** function _SerialWrite *****************
   175 ;; Defined at:
   176 ;;		line 37 in file "serial.c"
   177 ;; Parameters:    Size  Location     Type
   178 ;;  data            1    wreg     unsigned char 
   179 ;; Auto vars:     Size  Location     Type
   180 ;;  data            1    0[COMRAM] unsigned char 
   181 ;; Return value:  Size  Location     Type
   182 ;;                  1    wreg      void 
   183 ;; Registers used:
   184 ;;		wreg
   185 ;; Tracked objects:
   186 ;;		On entry : 0/0
   187 ;;		On exit  : 0/0
   188 ;;		Unchanged: 0/0
   189 ;; Data sizes:     COMRAM   BANK0   BANK1   BANK2   BANK3   BANK4   BANK5   BANK6   BANK7   BANK8   BANK9  BANK10  BANK1
      +1  BANK12  BANK13  BANK14  BANK15
   190 ;;      Params:         0       0       0       0       0       0       0       0       0       0       0       0       
      +0       0       0       0       0
   191 ;;      Locals:         1       0       0       0       0       0       0       0       0       0       0       0       
      +0       0       0       0       0
   192 ;;      Temps:          0       0       0       0       0       0       0       0       0       0       0       0       
      +0       0       0       0       0
   193 ;;      Totals:         1       0       0       0       0       0       0       0       0       0       0       0       
      +0       0       0       0       0
   194 ;;Total ram usage:        1 bytes
   195 ;; Hardware stack levels used:    1
   196 ;; This function calls:
   197 ;;		Nothing
   198 ;; This function is called by:
   199 ;;		_main
   200 ;; This function uses a non-reentrant model
   201 ;;
   202                           
   203                           	psect	text1
   204  00FFCA                     __ptext1:
   205                           	opt stack 0
   206  00FFCA                     _SerialWrite:
   207                           	opt stack 30
   208                           
   209                           ;incstack = 0
   210                           ;SerialWrite@data stored from wreg
   211  00FFCA  6E01               	movwf	SerialWrite@data,c
   212  00FFCC                     
   213                           ;serial.c: 38: while(!TXSTA2bits.TRMT);
   214  00FFCC  A272               	btfss	3954,1,c	;volatile
   215  00FFCE  D7FE               	goto	l704
   216                           
   217                           ;serial.c: 39: TXREG2=data;
   218  00FFD0  C001  FF73         	movff	SerialWrite@data,3955	;volatile
   219  00FFD4  0012               	return		;funcret
   220  00FFD6                     __end_of_SerialWrite:
   221                           	opt stack 0
   222  0000                     wreg	equ	0xFE8
   223                           wreg	equ	0xFE8
   224                           
   225                           	psect	rparam
   226  0000                     wreg	equ	0xFE8


Data Sizes:
    Strings     0
    Constant    0
    Data        0
    BSS         0
    Persistent  0
    Stack       0

Auto Spaces:
    Space          Size  Autos    Used
    COMRAM           95      3       3
    BANK0           160      0       0
    BANK1           256      0       0
    BANK2           256      0       0
    BANK3           256      0       0
    BANK4           256      0       0
    BANK5           256      0       0
    BANK6           256      0       0
    BANK7           256      0       0
    BANK8           256      0       0
    BANK9           256      0       0
    BANK10          256      0       0
    BANK11          256      0       0
    BANK12          256      0       0
    BANK13          256      0       0
    BANK14          256      0       0
    BANK15           56      0       0

Pointer List with Targets:

    None.

Critical Paths under _main in COMRAM

    _main->_SerialWrite

Critical Paths under _main in BANK0

    None.

Critical Paths under _main in BANK1

    None.

Critical Paths under _main in BANK2

    None.

Critical Paths under _main in BANK3

    None.

Critical Paths under _main in BANK4

    None.

Critical Paths under _main in BANK5

    None.

Critical Paths under _main in BANK6

    None.

Critical Paths under _main in BANK7

    None.

Critical Paths under _main in BANK8

    None.

Critical Paths under _main in BANK9

    None.

Critical Paths under _main in BANK10

    None.

Critical Paths under _main in BANK11

    None.

Critical Paths under _main in BANK12

    None.

Critical Paths under _main in BANK13

    None.

Critical Paths under _main in BANK14

    None.

Critical Paths under _main in BANK15

    None.

Call Graph Tables:

 ---------------------------------------------------------------------------------
 (Depth) Function   	        Calls       Base Space   Used Autos Params    Refs
 ---------------------------------------------------------------------------------
 (0) _main                                                 2     2      0      15
                                              1 COMRAM     2     2      0
                        _SerialWrite
 ---------------------------------------------------------------------------------
 (1) _SerialWrite                                          1     1      0      15
                                              0 COMRAM     1     1      0
 ---------------------------------------------------------------------------------
 Estimated maximum stack depth 1
 ---------------------------------------------------------------------------------

 Call Graph Graphs:

 _main (ROOT)
   _SerialWrite

 Address spaces:
Name               Size   Autos  Total    Cost      Usage
BITCOMRAM           5F      0       0       0        0.0%
EEDATA             400      0       0       0        0.0%
NULL                 0      0       0       0        0.0%
CODE                 0      0       0       0        0.0%
COMRAM              5F      3       3       1        3.2%
STACK                0      0       0       2        0.0%
DATA                 0      0       0       3        0.0%
BITBANK0            A0      0       0       4        0.0%
BANK0               A0      0       0       5        0.0%
BITBANK1           100      0       0       6        0.0%
BANK1              100      0       0       7        0.0%
BITBANK2           100      0       0       8        0.0%
BANK2              100      0       0       9        0.0%
BITBANK3           100      0       0      10        0.0%
BANK3              100      0       0      11        0.0%
ABS                  0      0       0      12        0.0%
BITBANK4           100      0       0      13        0.0%
BANK4              100      0       0      14        0.0%
BITBANK5           100      0       0      15        0.0%
BANK5              100      0       0      16        0.0%
BITBANK6           100      0       0      17        0.0%
BANK6              100      0       0      18        0.0%
BITBANK7           100      0       0      19        0.0%
BANK7              100      0       0      20        0.0%
BITBANK8           100      0       0      21        0.0%
BANK8              100      0       0      22        0.0%
BITBANK9           100      0       0      23        0.0%
BANK9              100      0       0      24        0.0%
BITBANK10          100      0       0      25        0.0%
BANK10             100      0       0      26        0.0%
BITBANK11          100      0       0      27        0.0%
BANK11             100      0       0      28        0.0%
BITBANK12          100      0       0      29        0.0%
BANK12             100      0       0      30        0.0%
BITBANK13          100      0       0      31        0.0%
BANK13             100      0       0      32        0.0%
BITBANK14          100      0       0      33        0.0%
BANK14             100      0       0      34        0.0%
BITBANK15           38      0       0      35        0.0%
BANK15              38      0       0      36        0.0%
BIGRAM             F37      0       0      37        0.0%
BITSFR_1             0      0       0     200        0.0%
SFR_1                0      0       0     200        0.0%
BITSFR               0      0       0     200        0.0%
SFR                  0      0       0     200        0.0%


Microchip Technology PIC18 Macro Assembler V1.45 build -152302408 
Symbol Table                                                                                   Fri Feb 09 16:44:03 2018

            __CFG_CP0$ON 000000              __CFG_CP1$ON 000000              __CFG_CP2$ON 000000  
            __CFG_CP3$ON 000000                       l13 FFDA              __CFG_CPB$ON 000000  
                     _RD 007D30              __CFG_CPD$ON 000000                       u67 FFF0  
                    l704 FFCC                      wreg 000FE8               _TXSTA2bits 000F72  
           __CFG_LVP$OFF 000000                     _main FFD6            __CFG_BORV$285 000000  
                   start 0000            __CFG_IESO$OFF 000000             ___param_bank 000000  
                  ?_main 0001                    _EEADR 000FA9            __CFG_WDTEN$ON 000000  
                  _TRISC 000F94            __CFG_WRT0$OFF 000000            __CFG_WRT1$OFF 000000  
          __CFG_WRT2$OFF 000000            __CFG_WRT3$OFF 000000           __CFG_EBTR0$OFF 000000  
         __CFG_FCMEN$OFF 000000           __CFG_EBTR1$OFF 000000           __CFG_EBTR2$OFF 000000  
         __CFG_EBTR3$OFF 000000            __CFG_WRTB$OFF 000000            __CFG_WRTC$OFF 000000  
          __CFG_WRTD$OFF 000000           __CFG_EBTRB$OFF 000000       __CFG_MCLRE$EXTMCLR 000000  
         __CFG_BOREN$OFF 000000          __initialization FFC4             __end_of_main 0000  
                 ??_main 0002            __activetblptr 000000           __CFG_PLLCFG$ON 000000  
                 _EEDATA 000FA8                   _EECON2 000FA7                   _ANSELB 000F39  
                 _RCSTA2 000F71                   _SPBRG2 000F75                   _TXREG2 000F73  
                 _TXSTA2 000F72            ??_SerialWrite 0001           __CFG_XINST$OFF 000000  
        __CFG_HFOFST$OFF 000000               __accesstop 0060  __end_of__initialization FFC4  
        __CFG_PBADEN$OFF 000000            ___rparam_used 000001           __pcstackCOMRAM 0001  
    __end_of_SerialWrite FFD6       __CFG_CCP2MX$PORTC1 000000       __CFG_CCP3MX$PORTB5 000000  
                _SPBRGH2 000F76          __CFG_WDTPS$8192 000000              _SerialWrite FFCA  
        __CFG_PWRTEN$OFF 000000                  __Hparam 0000                  __Lparam 0000  
        __CFG_STVREN$OFF 000000                  __pcinit FFC4                  __ramtop 1000  
                __ptext0 FFD6                  __ptext1 FFCA     end_of_initialization FFC4  
              _PORTCbits 000F82                _TRISBbits 000F93      start_initialization FFC4  
        SerialWrite@data 0001             ?_SerialWrite 0001         __CFG_PRICLKEN$ON 000000  
               _BAUDCON2 000F70                 _PIE3bits 000FA3               _EECON1bits 000FA6  
               __Hrparam 0000                 __Lrparam 0000        __CFG_P2BMX$PORTC0 000000  
            _OSCCON2bits 000FD2            __size_of_main 002A     __size_of_SerialWrite 000C  
            _OSCTUNEbits 000F9B               _INTCONbits 000FF2               _RCSTA2bits 000F71  
             _OSCCONbits 000FD3        __CFG_T3CMX$PORTC0 000000        __CFG_FOSC$INTIO67 000000  
